<?xml version="1.0" encoding="UTF-8"?>
<!-- Generated by org.testng.reporters.JUnitReportReporter -->
<testsuite skipped="0" hostname="del1-lhp-n65328" name="com.tricentis.demowebshop.testng.tc2" tests="4" failures="0" timestamp="13 Aug 2019 05:17:20 GMT" time="0.016" errors="0">
  <testcase name="loginPage" time="0.004" classname="com.tricentis.demowebshop.testng.tc2"/>
  <testcase name="loginPage" time="0.008" classname="com.tricentis.demowebshop.testng.tc2"/>
  <testcase name="loginPage" time="0.004" classname="com.tricentis.demowebshop.testng.tc2"/>
  <testcase name="loginPage" time="0.000" classname="com.tricentis.demowebshop.testng.tc2"/>
</testsuite> <!-- com.tricentis.demowebshop.testng.tc2 -->
