<?xml version="1.0" encoding="UTF-8"?>
<!-- Generated by org.testng.reporters.JUnitReportReporter -->
<testsuite skipped="0" hostname="del1-lhp-n65328" name="com.tricentis.demowebshop.testng.testCase1" tests="4" failures="0" timestamp="13 Aug 2019 06:34:28 GMT" time="1.594" errors="0">
  <testcase name="verifyHomeTitle" time="0.036" classname="com.tricentis.demowebshop.testng.testCase1"/>
  <testcase name="verifyRegisterText" time="0.132" classname="com.tricentis.demowebshop.testng.testCase1"/>
  <testcase name="verifyLoginText" time="1.418" classname="com.tricentis.demowebshop.testng.testCase1"/>
  <testcase name="verifyLoginTitle" time="0.008" classname="com.tricentis.demowebshop.testng.testCase1"/>
</testsuite> <!-- com.tricentis.demowebshop.testng.testCase1 -->
